# 版本记录

> 版本号格式 `x.y.z`，其中 x 为主版本号， y 为次版本号，z 为 SVN 号。

## Trunk Version 1.0.266, until 2020-08-27

- [BUG] 修复声音报警同时出现两个开关的bug（周旺旺）
- [CHG] 补充旧框架下计划表接口（周旺旺）
- [NEW] 远程配置添加白光灯功能（周旺旺）

## Trunk Version 1.0.265, until 2020-08-10

- [BUG] 修复H5播放没有声音（陈燕明）
- [CHG] 远程配置更新为新版（周旺旺）
- [CHG] 管理员不能修改超级管理员密码（周旺旺）
- [CHG] 普通用户不再显示远程配置入口按钮（周旺旺）
- [BUG] 修复回放searching时无等待弹窗问题（周旺旺）
- [NEW] 添加FLV播放模式（IE和safari不支持），右键播放器可切换模式（周旺旺/陈燕明）

## Trunk Version 1.0.264, until 2020-05-30

- [BUG] 修复下载页面出现文件名过长会与开始时间重叠的问题（周旺旺）
- [BUG] 解决新版ipc回放获取mp4地址时因文件名带路径引起播放失败的问题（周旺旺）
- [CHG] H265无法播放时添加错误弹窗提示（周旺旺）
- [CHG] 计划表采用新计划表逻辑（周旺旺）

## Trunk Version 1.0.263, until 2020-05-30

- [NEW] 添加切片上传（周旺旺）

## Trunk Version 1.0.262, until 2020-03-25

- [BUG] ptz操作中，滑杆操作zoom，机器稳定后显示的focus位置不正确——改为操作6s后每隔2s获取一次位置直至稳定。

## Trunk Version 1.0.261, until 2020-03-13

- [BUG] 修复 切换页面后 ptz操作错误的问题

## Trunk Version 1.0.260, until 2020-01-19

- [CHG] 新框架下，network advanced配置中，没有重启项，setNetPort因会释放会话，放在其他两个命令成功后执行
- [BUG] 修复 bug 11608：web email 配置非法字符提示失败后，保存按钮置灰，不能再次保存
- [CHG] FTP新加一个错误码 -203 (陈燕明)

## Trunk Version 1.0.259, until 2020-01-09

- [BUG] 修复web预览界面的菜单栏OSD时间和名称配置为other时保存失败（陈燕明）
- [BUG] 网络高级配置email模块：SMPT Server的校验格式更正（陈燕明）

## Trunk Version 1.0.258, until 2019-12-31

- [BUG] 网络高级配置email模块：邮箱输入框增加格式校验（陈燕明）
- [CHG] ptz 按钮根据 ptzDirection 字段来控制隐藏或显示，该字段 ver 为1时只显示上下左右4个按钮（陈燕明）
- [BUG] 网络配置选择 static 时，只能选择 static DNS 配置（陈燕明）

## Trunk Version 1.0.257, until 2019-12-18

- [CHG] 隐藏白平衡设置，改为只根据 white_balance 字段的版本号，版本号为0才隐藏（陈燕明）

## Trunk Version 1.0.256, until 2019-12-16

- [BUG] 只切换码流时，保存后界面不退出登陆（陈燕明）

## Trunk Version 1.0.255, until 2019-12-12

- [BUG] 兼容旧板端代码，通道能力集中不存在 white_balance 字段时，显示白平衡设置（陈燕明）
- [BUG] 解决回放记录下载选择有时需要点击两次才能下载的问题（陈燕明）
- [CHG] 修改 rtsp 端口时，能力集中 rtsp 字段 ver 不为2时才需要重启机器（陈燕明）
- [CHG] 能力集通道中新增 white_balance 字段，该字段没有可读权限时，隐藏白平衡设置（陈燕明）

## Trunk Version 1.0.254, until 2019-11-12
 
- [BUG] 调整 ipc Optical Zoom 的高度（陈燕明）

## Trunk Version 1.0.253, until 2019-11-05

- [BUG] 修复不支持 zoom/focus 滑杆功能的设备也去获取 zoom/focus 位置的问题（陈燕明）

## Trunk Version 1.0.252, until 2019-10-30

- [CHG] 管理用户模块：非 admin 的管理员和普通用户能看到所有的用户，前者只能管理自身和普通用户，后者只能管理自身（陈燕明）
- [CHG] 用户在线列表 sid 不显示真实的sid，只做数量排序显示（陈燕明）

## Trunk Version 1.0.251, until 2019-10-29

- [BUG] 修复 version1.0.249 “[CHG] 不支持预置点操作时，隐藏预置点窗口” 改动引进的bug（陈燕明）
- [BUG] 修复 bug 预置点名称为空时web预置点列表排布错乱（陈燕明）
- [NEW] 某些机型 zoom 和 focus 功能添加滑杆操作（陈燕明）

## Trunk Version 1.0.250, until 2019-10-10

- [CHG] 解决 bug 10574 360浏览器和IE浏览器的web录像下载页面UI错乱（陈燕明）
- [CHG] 解决 bug 10528 修改设备OSD名称后，web端System_General界面device name还是修改之前的名字 [方法：实时更新设备名]（陈燕明）

## Trunk Version 1.0.249, until 2019-09-24

- [BUG] 解决 bug 10529 PTZ机器在非第一通道时，web端PTZ巡航路线UI不显示，无法配置巡航（陈燕明）
- [CHG] 不支持预置点操作时，隐藏预置点窗口（陈燕明）
- [CHG] 更改时间格式支持条件，只要 hourFmt 属性版本号不为0就支持（陈燕明）
- [CHG] 解决小屏下下载框超过窗口的问题（陈燕明）
- [CHG] osd camera-name显示位置和date显示位置修改时，如果位置为other则不进行检查重叠检查（陈燕明）

## Trunk Version 1.0.248, until 2019-09-05

- [BUG] ipc 切换分辨率时，先选择其他分辨率，再切换回原分辨率，点击保存，ipc不重启（陈燕明）

## Trunk Version 1.0.247, until 2019-09-04

- [BUG] 修复只有两个用户在线时，admin用户不能删除另一用户的问题（陈燕明）
- [CHG] 隐藏 cloud 入口（陈燕明）

## Trunk Version 1.0.246, until 2019-08-16

- [CHG] web端抠图功能完善，增加拉伸点，抠图部分支持宽高不变移动（陈燕明）

## Trunk Version 1.0.245, until 2019-08-13

- [CHG] 去掉文件下载多选勾选框（陈燕明）
- [BUG] 更正抠图变量书写错误（陈燕明）
- [BUG] 更正判断PTZ操作权限时传入的通道id（陈燕明）

## Trunk Version 1.0.244, until 2019-07-30

- [CHG] 修改用户权限管理：非admin用户不能增加或删除用户（陈燕明）
- [BUG] 更正码流类型的判断变量（陈燕明）

## Trunk Version 1.0.243, until 2019-07-18

- [CHG] 去除系统基本配置的 Video Standard 配置（陈燕明）
- [BUG] ddns配置所有输入限制为不可包含符号';'（陈燕明）
- [BUG] 修复切换码流时居中/伸展图标的切换问题(陈燕明)
- [NEW] FTP 配置存放路径子目录为可选择性创建（陈燕明）
- [NEW] ddns 配置增加服务器地址字段（陈燕明）
- [BUG] ddns 服务器名称配置为不可包含符号';'（陈燕明）

## Trunk Version 1.0.242, until 2019-05-27

- [CHG] 修改预览和回放界面居中或伸展时的文案
- [CHG] 更改设备移动侦测灵敏度调节逻辑：将获取到的数据反转显示，配置为数值越大，灵敏度越高，实际发送给板端的数据越小（陈燕明）
- [CHG] 改变电源灯控制开关位置，放到预览界面ISP处（陈燕明）
- [BUG] 修复预览界面OSD设备名称配置不能为空的问题（陈燕明） 

## Trunk Version 1.0.241, until 2019-04-20

- [CHG] IPC 添加多文件下载提示（陈燕明）  
- [NEW] 新需求：根据通道显示或隐藏电源灯的控制开关（陈燕明）
- [NEW] 新需求：根据能力集隐藏配置导入按钮和文件上传控件（陈燕明）
- [CHG] 修复WEB端OSD不可配置为空的问题，已修复与pc端一致可为空（陈燕明）
- [CHG] 添加 web端口修改 前端检验。（陈燕明）

## Trunk Version 1.0.240, until 2018-06-08

- FTP video扣图出界处理。（李明亮）

## Trunk Version 1.0.239, until 2018-06-07

- FTP上传文件初始状态为图片时问题修改。（李明亮）
- 根据能力集判断预览框是否可以拖动大小。（李明亮）
- 根据能力集判断夏令营设置是否可以选择星期。（李明亮）

## Trunk Version 1.0.238, until 2018-05-30

- 导入配置之后改为15秒之后再退出登录返回登录界面。（李明亮）

## Trunk Version 1.0.237, until 2018-05-09

- 根据板端判断升级需要文件的后缀名。（李明亮）
- 回放下载文件统一改成单个文件下载。（李明亮）

## Trunk Version 1.0.236, until 2018-05-04

- IPC升级WEB检测文件根据硬件版本号判断后缀。（李明亮）
- FTP上传图片自定义时间改为2-30s。（李明亮）

## Trunk Version 1.0.235, until 2018-04-24

- UpgradePrepare命令超时时间改为30s。（李明亮）

## Trunk Version 1.0.234, until 2018-04-21

- ipc增加准备升级的命令。（李明亮）

## Trunk Version 1.0.233, until 2018-03-19

- 515IPC版本OSD添加水印功能。（李明亮）

## Trunk Version 1.0.232, until 2018-02-03

- 添加用户名限制为3-31位。（李明亮）

## Trunk Version 1.0.231, until 2018-01-30

- 添加用户时密码输入长度限制为16位JS限制去掉。（李明亮）
- Email修改之后显示提示文案问题修复。（李明亮）

## Trunk Version 1.0.230, until 2018-01-29

- FTP上传路径有特殊字符会进行TEST会提示路径无效修改（李明亮）
- FTP配置中没有传输模式配置项（李明亮）
- FTP上传间隔custom选项中的大小限制跟PC客户端不一致（李明亮）
- FTP上传间隔选项中没有custom选项（李明亮）
- Email配置修改后切到其他页面不提示是否保存配置（李明亮）
- FTP上传码流类型选择没有扩展码流选项（李明亮）
- 登录页面用户名和密码输入没有长度限制（李明亮）
- 添加用户时密码输入长度限制为16位与需求不符（李明亮）
- 邮件配置中的sender nickname 输入长度限制和提示不对（李明亮）

## Trunk Version 1.0.229, until 2018-01-12

- 使用客户端设置wifi设置时，扫描到的信号图标无法显示该信号是否加密。（李明亮）
- OSD增加背景颜色（选项可以做成勾选项，默认不勾选)。（李明亮)
- FTP可以上传子码流的录像，因为很多用户都是用的广域网FTP.(李明亮)

## Trunk Version 1.0.228, until 2017-09-20

- 用户登录账号强制验证账号为空不能登录。（李明亮）
- 首页头部添加IE浏览器默认选择最高版本的文档模式。（李明亮)

## Trunk Version 1.0.227, until 2017-08-07

- 登录时默认选中balance码流。（李明亮）
- 切换码流增加提示框，提示按照带宽选择适合的码流。（李明亮）
- 根据实际情况选择默认选中码流（李明亮）

## Trunk Version 1.0.226, until 2017-05-24

- 邮件自定义发件人输入字符提示问题。(李明亮)

## Trunk Version 1.0.225, until 2017-05-23

- 邮件自定义发件人名称错误后按钮不能点击问题。(李明亮)

## Trunk Version 1.0.224, until 2017-05-23

- 邮件自定义发件人名称做长度和字符内容限制。(李明亮)
- 录像布防里面加一个定时器的提示。(李明亮)

## Trunk Version 1.0.223, until 2017-05-19

- 邮件自定义发件人名称。(李明亮)
- 录像布防里面加一个定时的选项。(李明亮)
- FTP Postpone增加15秒的选项。(李明亮)
- web端增加Email中interval的30min的选项。(李明亮)

> Trunk 表示开发累积更新，非发布版本。
## Trunk Version 1.0.222, until 2017-05-10

- 根据 permit upgrade 控制autoupgrade功能。(郑桂深)
- 解决 Bug 5874 普通账户登录后，对于cloud中unbind可以操作，操作后报错。普通账户无权限操作，请置灰。(郑桂深)
- 解决 Bug 5867 绑定账号，出现界面提示time out，但串口查看绑定成功，再次绑定，报错。(郑桂深)
- 解决 Bug 5864 cloud中绑定账号，配置上传计划，再降账号解绑，再绑定该账号，对应的配置需要重新配置。(郑桂深)

## Trunk Version 1.0.221, until 2017-05-03

- 解决 Bug 5849 web版本本地升级无清除配置的选项。(郑桂深)
- 解决 Bug 5850 reolink版本不应该有在线升级的功能。(郑桂深)
- 解决 Bug 5851 cloud的用户名输入未限制最长输入长度。(郑桂深)
- 去除代码中debugger断点。(郑桂深)

## Trunk Version 1.0.220, until 2017-04-18

- 补充说明本版本具有cloud功能。(郑桂深)
- 新增 cloud account功能

## Trunk Version 1.0.219, until 2017-03-27

- [SVN 233] 需求：FTP增加mode选项。(曾鹏辉)
- [SVN 233] 完善 FTP 测试失败错误提示。(曾鹏辉)

## Trunk Version 1.0.218, until 2017-02-16

- 修正预览侧边栏高级配置显示问题。(曾鹏辉)

## Trunk Version 1.0.217, until 2017-01-17

- 解决 Bug 5142: 在当前版本上在web端进行zoom in zoom out 概率出现对焦无法对清晰。(曾鹏辉)
- 修正部分显示文字错误。(曾鹏辉)

## Trunk Version 1.0.216, until 2017-01-16

- 需求：新增 LED Light 控制选项。(曾鹏辉)
- 解决 Bug 4261: web端没有led light这个控制项。(曾鹏辉)
- 修改升级提示。(曾鹏辉)

## Trunk Version 1.0.215, until 2017-01-16

- 修正可能由于 GetCrop 命令失败导致的 “Clip 位置自动刷新”失灵问题。(曾鹏辉)

## Trunk Version 1.0.214, until 2017-01-13

- 去除 Push 配置页面的 Enabled 开关。(曾鹏辉)
- 解决 Bug 5113: 在抠图的框中拉取要扣图的区域，拉取的框先刷新到最新的选择的位置，再刷新到之前的位置，再刷新到最新的位置。(曾鹏辉)

## Trunk Version 1.0.213, until 2017-01-13

- 解决 Bug 5103: 通过web端升级，不刷新当前页面，直接进入设置页面，对应的设置页面无法进入，也无任何提示。(曾鹏辉)

## Trunk Version 1.0.212, until 2017-01-12

- 解决 Bug：由于后端抓图失败导致抠图背景图停止刷新。(曾鹏辉)

## Trunk Version 1.0.211, until 2017-01-06

- 需求：增加音频报警配置界面。(曾鹏辉)
- 修复由于抠图导致的配置界面预览码流错误。(曾鹏辉)

## Trunk Version 1.0.210, until 2017-01-04

- 完善视频抠图功能。(曾鹏辉)

## Trunk Version 1.0.209, until 2016-12-30

- 需求：添加视频抠图功能。(曾鹏辉)
- 在无相关功能的设备上隐藏 “Auto-Focus”选项。(曾鹏辉)

## Trunk Version 1.0.208, until 2016-12-20

- 需求：ipc增加开机自动对焦开关选项；可以供用户配置。(曾鹏辉)

## Trunk Version 1.0.207, until 2016-12-20

- 需求：固件升级失败提示原因。(曾鹏辉)

## Trunk Version 1.0.206, until 2016-11-21

- 修复调整浏览器尺寸时页面错乱。(曾鹏辉)

## Trunk Version 1.0.205, until 2016-11-14

- 需求：web端添加/修改用户密码时增加可见密码选项(曾鹏辉)

## Trunk Version 1.0.204, until 2016-11-04

- 解决 Bug 4542: reolink 400万PTZ，在web端刷新预览页面后音量状态恢复到默认值(曾鹏辉)

## Trunk Version 1.0.203, until 2016-11-04

- 更新Flash Player.(郑桂深)

## Trunk Version 1.0.202, until 2016-11-03

- 添加“当前账户被删除后，点击其他操作，提示登录无效”。(曾鹏辉)
- 解决 Bug 4535: reolink 400万PTZ，在客户端修改设备系统时间后导致web预览音量状态不对(曾鹏辉)
- 解决 Bug 4595: FTP打包大小为空，web端打包大小为上一次的打包大小；PC端打包大小为最小值10MB；请两端统一(曾鹏辉)

## Trunk Version 1.0.201, until 2016-11-01

- 解决 Bug 4576: web端预览界面的基本配置有音频选项。而编码配置中无音频配置选项(曾鹏辉)
- 解决 Bug 4519: 对应没有音频的机型，通过web和PC端连接，在PC端查看对应的配置音频是置灰的，但web端对应的远程配置界面仍然可以设置音频，但预览界面的基本配置没有该配置；2、对应音量控制控件没有隐藏(曾鹏辉)
- 解决 Bug 4571: PT的版本界面上PT的呈现出现异常，PT的版本无巡航、无speed，无光圈(曾鹏辉)
- 解决 Bug 4532: 在web端用普通用户登陆查看UID配置UID为disenable的状态，用管理员登陆查看UID配置为enable状态；(曾鹏辉)

## Trunk Version 1.0.200, until 2016-10-20

- 允许 FTP 上传地址为空。(曾鹏辉)
- 调节 FTP 配置页面最小高度。(曾鹏辉)

## Trunk Version 1.0.199, until 2016-10-18

- 修复 E-Mail 配置页面在低分屏下的 UI 错乱问题。(曾鹏辉)

## Trunk Version 1.0.198, until 2016-10-18

- 清理无效代码。(曾鹏辉)

## Trunk Version 1.0.196, until 2016-10-17

- 完善 FTP 的间隔时间配置。(曾鹏辉)

## Trunk Version 1.0.195, until 2016-10-15

- 需求: 增加 Push 布防配置。(曾鹏辉)

## Trunk Version 1.0.194, until 2016-10-15

- 需求: Email截图不需基于移动侦测，可以设置schedule定时发送。(曾鹏辉)

## Trunk Version 1.0.193, until 2016-10-15

- 需求: 12小时制的时间格式配置。(曾鹏辉)

## Trunk Version 1.0.192, until 2016-10-15

- 需求: 无音频的机器在客户端不要显示开启音频选项。(曾鹏辉)

## Trunk Version 1.0.191, until 2016-10-15

- 需求: FTP 添加间隔时间和仅上传图片选项。(曾鹏辉)
- 修复BUG: SMTP 显示标题错误。(曾鹏辉)

## Trunk Version 1.0.190, until 2016-09-22

- 需求: client/web端登陆，添加/修改用户密码时增加可见密码选项。(曾鹏辉)

## Trunk Version 1.0.189, until 2016-09-22

- 修复普通用户查看 36PTS 的设备时的错误提示。(曾鹏辉)

## Trunk Version 1.0.188, until 2016-09-20

- 解决 Bug 4370: 在PC端配置的DynDNS的域名，通过web端获取，获取到的是3322的域名。(曾鹏辉)

## Trunk Version 1.0.187, until 2016-09-14

- 修复 PTZ Preset 能力集判断错误。(曾鹏辉)

## Trunk Version 1.0.186, until 2016-09-06

- 去除 36S 设备的巡航界面。(曾鹏辉)

## Trunk Version 1.0.185, until 2016-09-05

- 删除无用文件。(曾鹏辉)

## Trunk Version 1.0.184, until 2016-09-05

- 添加扩展码流开关参数。(曾鹏辉)

## Trunk Version 1.0.183, until 2016-09-05

- 修复 Bug 4290: web端回放界面的日历表上的日期，大部分有31号的月份没有31号，导致31号的录像文件无法搜索，12个月份和7月有31号，其他月份都没有(曾鹏辉)

## Trunk Version 1.0.182, until 2016-08-27

- 版本号矫正。

## Trunk Version 1.0.181, until 2016-08-27

- 修复登陆时选择主码流却播放了子码流的 BUG。(曾鹏辉)

## Trunk Version 1.0.180, until 2016-08-25

- 修复 Bug 4242: 板端去掉了扩展码流，WEB端没有去掉该选项，选择balanced预览时会一直loading(曾鹏辉)

## Trunk Version 1.0.179, until 2016-08-25

- 添加网络配置时 IP 冲突的错误提示。(曾鹏辉)
- 修复: 维护页面由于上传文件名太长导致的界面错乱。(曾鹏辉)
- 修复 Bug 4243: 在web修改rtmp端口号保存时提示设备会重启，实际并未重启。(曾鹏辉)
- SD 卡容量矫正。(曾鹏辉)
- FTP 上传路径过滤器中取消对“%”的过滤。(曾鹏辉)
- 修复 Bug 4075: 在回放页面点击放大时间轴，对应的下面的时间轴的滚动框会跟着鼠标滑动，不管鼠标处于哪个位置(曾鹏辉)
- 修复 Bug 4067: 在回放过程中，点击停止回放控件，对应的时间轴会发生变化(曾鹏辉)

## Trunk Version 1.0.178, until 2016-08-19

- 修复 Bug 4178: 64G的新卡，初次插入，SD卡显示的状态全部为0，进入回放界面，WEB端一直在搜索，并弹窗给出fail gettheconfiguration，please try again；刷新无法恢复，无法退出到预览界面(曾鹏辉)

## Trunk Version 1.0.177, until 2016-08-19

- 添加 某些版本下无拓展码流的处理。(曾鹏辉)
- 添加 RTMP 端口自定义。(曾鹏辉)
- 修复 调试机制。(曾鹏辉)

## Trunk Version 1.0.176, until 2016-08-16

- 禁止 FTP 上传路径中使用无效字符。(曾鹏辉)
- 更新版本时间戳，清理缓存。(曾鹏辉)
- 改进调试模式。(曾鹏辉)

## Trunk Version 1.0.175, until 2016-08-13

- 修复 Bug 4150: 遮盖区域，画区域，所画区域松手区域在区域外不生效，在区域内生效，应该为松手即生效。(曾鹏辉)

## Trunk Version 1.0.174, until 2016-08-11

- 调整 PTZ 界面，适应 GM8136S。(曾鹏辉)
- 修复 Bug 4113: WEB端时间轴处于放大状态，选择预览后再次进入回放界面，对应的时间轴非之前的时间轴状态，建议时间轴每次从其他界面返回到回放界面，对应的时间轴与初次进入回放界面的时间轴一致；。(曾鹏辉)
- 修复 Bug 4112: WEB端 初次进入回放界面放大时间轴再次返回后，时间轴拉到最尾部对应时间不是24：00。(曾鹏辉)

## Trunk Version 1.0.173, until 2016-07-08

- 修复: PTZ 设备中，登录后预览界面 OSD 显示错误。 (曾鹏辉)

## Trunk Version 1.0.172, until 2016-07-07

- 修复: PTZ 自动模式下只有点 Auto 按钮才会停止，应该点任意按钮都会停止。 (曾鹏辉)

## Trunk Version 1.0.171, until 2016-07-06

- 修复  初始打开预览界面出现转态为Error的bug。 (郑桂深)

## Trunk Version 1.0.170, until 2016-07-06

- 修复 Bug 4087 : email中收件人为空，进行test，提示报错，对应的错误码为-4，对应的提示信息不友好。(曾鹏辉)

## Trunk Version 1.0.169, until 2016-07-06

- 修复 Bug 4083 : 日历里面的年无法选择。(曾鹏辉)

## Trunk Version 1.0.163, until 2016-07-06

- 修正 API 等待超时时间。(曾鹏辉)
- 修复 Bug 4079 : 超时导致的升级失败，对应的未给出提示。(曾鹏辉)
- 解决 Bug 4076 : 隐藏和展开预览界面的PTZ、基本配置、高级配置对应的界面的，预览界面会提示通道正在刷新的提示消息，建议不给出此消息(曾鹏辉)

## Trunk Version 1.0.162, until 2016-07-05

-  修复bug 4073 在回放界面频繁切换大小码流（播放暂停键）回放，出现播放器加载不成功，导致界面卡住再搜索界面，无法切换到其他界面 。(郑桂深)
-  修复bug 4030 HTTPS上预览出现下方有一个横条。对应的分辨率为2560*1440

## Trunk Version 1.0.161, until 2016-07-05

- 调整 AF 的版本对应的 PTZ 界面。(曾鹏辉)

## Trunk Version 1.0.160, until 2016-07-05

- 解决 Bug 4064 : AF的版本对应的AF界面显示为PTZ。(曾鹏辉)

## Trunk Version 1.0.159, until 2016-07-05

- 修复预览音量调节误改PTZ速度的 Bug。(曾鹏辉)

## Trunk Version 1.0.157, until 2016-07-04

- 修复 WiFi 测试的超时时间。(曾鹏辉)

## Trunk Version 1.0.156, until 2016-07-04

- 修改 falsh代码在 js_call_stop 方法中清除 media_video。(郑桂深)

## Trunk Version 1.0.155, until 2016-07-01

- 隐藏无 SD 卡设备上的录像设置。(曾鹏辉)

## Trunk Version 1.0.154, until 2016-07-01

- 修正默认超时时间。(曾鹏辉)

## Trunk Version 1.0.153, until 2016-07-01

- 修正部分操作的超时时间限制。(曾鹏辉)
- 修复：超时信息报错两次。(曾鹏辉)

## Trunk Version 1.0.152, until 2016-07-01

- 添加两条错误提示。(曾鹏辉)

## Trunk Version 1.0.151, until 2016-07-01

- 解决 Bug 4038: 频繁切换回放界面和预览界面，概率出现从回放界面切换到不预览界面 ，预览界面上的toolbar变蓝后迅速消失，多点击可以正常(曾鹏辉)

## Trunk Version 1.0.150, until 2016-07-01

- 解决 Bug 4045: 界面可配置成相同的端口号，导致端口出现冲突；未对相同的端口进行检测(曾鹏辉)

## Trunk Version 1.0.149, until 2016-07-01

- 解决 Bug 4037: 频繁（20次）切换设置页面和预览界面导致也移动侦测计划页面，录像计划页面，FTP上传计划页面出现错乱(曾鹏辉)
- 解决 Bug 4040: 进入回放界面，在搜索的过程中点击有录像文件的日期进行搜索，对应的搜索对话框消失，对应当天的录像文件未被搜索出来(曾鹏辉)
- 解决 Bug 3994: 回放停止再播放，播放文件从当天的第一个录像文件开始播放，建议从当前时间轴所处的指针处多处的文件进行播放(曾鹏辉)

## Trunk Version 1.0.147, until 2016-06-30

- 增加 ajax请求接口timeout处理
- 修复 ptz设置检测是否为空
- 修复 设置夏令时接口start和end颠倒
- 修复 切换预览和回放有几率播放不正常

## Trunk Version 1.0.143, until 2016-06-30

- 优化 Safari10 flash加载提示

## Trunk Version 1.0.142, until 2016-06-29

- 修复 #4020 Safari 8.0浏览器下连接设备，录像文件下载列表框一点击就会消失

## Trunk Version 1.0.141, until 2016-06-29

- 修复 回放界面放大后出现问题
- 修复 播放器参数设置逻辑错误

## Trunk Version 1.0.140, until 2016-06-29

- 修复 ie11浏览器下浏览器全屏显示不正常
- 优化 优化flash播放器代码

## Trunk Version 1.0.139, until 2016-06-28

- 优化 flash播放器参数优化

## Trunk Version 1.0.138, until 2016-06-28

- 解决 Bug 3995 : 在预览界面调节音量，进入其他页面再回来，对应的音量不是调节后的音量
- 修复 在浏览器屏蔽flash的时候给出提示
- 优化 flash播放器参数优化

## Trunk Version 1.0.137, until 2016-06-27

- 解决 Bug 3994 : 回放停止再播放，播放文件从当天的第一个录像文件开始播放，建议从当前时间轴所处的指针处多处的文件进行播放(曾鹏辉)

## Trunk Version 1.0.136, until 2016-06-27

- 修改：允许备用DNS为空。(曾鹏辉)

## Trunk Version 1.0.135, until 2016-06-27

- 增加在浏览器控制台通过console.openFlashDebuger函数显示和隐藏调试信息的功能。(郑桂深)
- 优化将console.log改为console.dbg。(郑桂深)
- 修复预览居中后进行全屏，对应的全屏显示的左边有6分之一位黑条。(郑桂深)

## Trunk Version 1.0.134, until 2016-06-25

- 修复连续点击不同的 PTZ 按钮时自动发 Stop 的错误。(曾鹏辉)

## Trunk Version 1.0.133, until 2016-06-25

- 添加无 SD 卡模式处理。(曾鹏辉)
- 修复 WiFi 加载列表为空时的错误。(曾鹏辉)

## Trunk Version 1.0.132, until 2016-06-25

- 修复旧版本 Chrome 的 PTZ 预置点界面错误。(曾鹏辉)

## Trunk Version 1.0.131, until 2016-06-25

- 添加旧版浏览器无法访问的提示。(曾鹏辉)
- 修复 NTP 同步间隔时间的范围限制。(曾鹏辉)

## Trunk Version 1.0.130, until 2016-06-25

- 调整播放器界面，消除白边。(曾鹏辉)

## Trunk Version 1.0.129, until 2016-06-25

- 解决 Bug 3979 : 当输入框的字符为非法字符，对应的给出fail的消息，提示用户输入消息必须为ASCII码，用户基本不知道ASCII码到底是什么,对应的提示不友好。(曾鹏辉)

## Trunk Version 1.0.128, until 2016-06-25

- 修复了自动重启配置中 second 为 0 时值为 null 的错误。(曾鹏辉)

## Trunk Version 1.0.127, until 2016-06-24

- 修复了系统设置里日历控件遮蔽了操作提示框的问题。(曾鹏辉)

## Trunk Version 1.0.126, until 2016-06-24

- 修复 DST 设置按钮无法恢复的 Bug。(曾鹏辉)

## Trunk Version 1.0.125, until 2016-06-21

- 更新 PTZ 预置点改名接口，只修改名称时不发送 `enable` 参数。(曾鹏辉)
- 修复系统设置页面日期选择插件的年份限制，由上下5年改为上下50年。(曾鹏辉)

## Trunk Version 1.0.124, until 2016-06-17

- 优化 PTZ 循环路径编辑界面：当选中空行时，点击 Clear，也可清除全部。(曾鹏辉)

## Trunk Version 1.0.123, until 2016-06-17

- 修复 从设置页面返回预览页面不显示播放器的bug (郑桂深)
- 修复 打开设置OSD设置页面播放器瞬时显示黑色长条的bug (郑桂深)

## Trunk Version 1.0.122, until 2016-06-16

- 修复 OSD 设置中遮盖错位。(曾鹏辉)
- 清除冗余代码。(曾鹏辉)

## Trunk Version 1.0.121, until 2016-06-16

- 修复系统设置和DST设置中，当时间控件中秒为 0 时操作失败。(曾鹏辉)
- 修复 调试状态下flash播放器报错 (郑桂深)

## Trunk Version 1.0.118, until 2016-06-15

- 修复 回播时暂停后重新播放报错bug (郑桂深)

## Trunk Version 1.0.117, until 2016-06-15

- 优化 bcFlashPlayer效率优化,局部设置数据调整 (郑桂深)
- 更新 右键点击flash显示版本号(郑桂深)
- 修复 初次加载两次flash(郑桂深)

## Trunk Version 1.0.116, until 2016-06-15

- 修复回放界面初始化错误：加载时应重置日历为当前日期，并清空文件列表。(曾鹏辉)

## Trunk Version 1.0.115, until 2016-06-15

- 解决 Bug 3911 : 大码流seek到最后再次点击大码流进行回放，对应的控件为正在回放的状态。但是界面未播放码流，同样的操作在小码流seek到最后，对应的码流从头开始播放。(曾鹏辉)

## Trunk Version 1.0.111, until 2016-06-15

- 优化 BcFlashPlayer播放参数优化(郑桂深)

## Trunk Version 1.0.109, until 2016-06-14

- 解决 Bug 3912 : 在回放界面上，回放小码流，标题栏仍显示当前回放码流为大码流(曾鹏辉)

## Trunk Version 1.0.108, until 2016-06-14

- 分离配置页面的 HTML 代码和 JS 代码。(曾鹏辉)

## Trunk Version 1.0.107, until 2016-06-14

- 优化加载器代码，简化加载器。(曾鹏辉)
- 修复 Bug : 当巡航线中预置点无效时，编辑出错。(曾鹏辉)
- 解决 Bug 3847 : PTZ的巡航线设置，选择已设置的预置点，调节停留时间，对应的选择的预置点变成none(曾鹏辉)

## Trunk Version 1.0.106, until 2016-06-14

- 解决 Bug 3847 : 从静态地址改成DHCP，对应的退出登陆仍然采用静态IP地址的网页；实际对应的DHCP地址与静态IP地址不一样。容易导致用户直接在当前页面输入账号和密码进行登陆(曾鹏辉)
- 解决 Bug 3846 : 从静态IP地址切换到DHCP,概率出现对应的不提示对应IP地址变化，跳转到新的IP地址进行登陆，对应的界面一直在loading，2min都不取消(曾鹏辉)

## Trunk Version 1.0.105, until 2016-06-14

- 解决 Bug 3856 : 新增用户名，用户名为空，输入对应的密码，可以成功；建议不支持新增用户名为空(曾鹏辉)
- 整理代码目录(曾鹏辉)

## Trunk Version 1.0.103, until 2016-06-13

- 禁止将 PTZ 预置点名称改为空。(曾鹏辉)
- 解决 Bug 3858 : web的日历显示的日期，是当前现实的日期，若更新了日期，对应的日期仍显示当前现实的时间。(曾鹏辉)

## Trunk Version 1.0.102, until 2016-06-13

- 修复高级网络配置页面的消息提示。(曾鹏辉)
- 优化 CGI 调用，防止 Ajax 内存泄漏。(曾鹏辉)
- 完善基本网络配置页面的表单检测。(曾鹏辉)

## Trunk Version 1.0.98, until 2016-06-13

- 修复 PTZ 预置点改名功能。(曾鹏辉)
- 优化加载视图。(曾鹏辉)

## Trunk Version 1.0.96, until 2016-06-12

- 优化 bcFlashPlayer。(郑桂深)

## Trunk Version 1.0.95, until 2016-06-12

- 调整 PTZ 巡航路径编辑框界面。(曾鹏辉)

## Trunk Version 1.0.94, until 2016-06-12

- 修复下载列表在 Chrome/Safari 中的显示(曾鹏辉)
- 解决 Bug 3859 : safari在版本8.0.1的版本上，远程配置界面出现错乱，回放界面无发下载，预览界面无法抓拍，预览的基本配置界面出现页面错乱；对应的在9.0的版本上无该现象(曾鹏辉)
- 解决 Bug 3809 : 巡航过程中，不可以修改巡航线(曾鹏辉)

## Trunk Version 1.0.89, until 2016-06-12

- 解决 Bug 3838 : 管理员在管理用户的界面上，修改一个用户的密码，切换到其他用户上，对应密码未清除，容易导致无操作修改了其他用户的密码，建议将对应的密码清除(曾鹏辉)
- 修复: 由远程配置界面切换到预览/回放时，未触发 ControllerRemoteConfig 的 beforeUnload 事件。(曾鹏辉)
- 解决 Bug 3843: 在线用户列表概率出现浏览器链接的用户，下线未刷新列表；对应的下线用户未清除(曾鹏辉)

## Trunk Version 1.0.88, until 2016-06-12

- 解决 Bug 3841: 将版本升级，升级过程中在web端登陆，提示fail的红色错误符号未显示出来(曾鹏辉)
- 解决 Bug 3839: 管理员和普通用户的密码的不可设置为空密码；(曾鹏辉)
- 解决 Bug 3842: PTZ的预置点在未设置状态，修改用户名，然后点击set，修改的用户名变成默认值；PTZ预置点处于设置状态修改完后，再set也变成默认值(曾鹏辉)
- 清除 Flash Mask。(曾鹏辉)
- 修复 OSD 遮盖功能。(曾鹏辉)
- 解决 Bug 3827: 遮挡区域无法画全，对应的预览遮挡无法全部覆盖。(曾鹏辉)

## Trunk Version 1.0.78 - 1.0.85, until 2016-06-8

- 解决 Bug 3765 3862 : 修改endoce的帧率、码率等信息，提示设备需要重启，但设备未重启，但退出登录；修改帧率、码率等信息不需要设备重启，不需要退出登陆。 (郑桂深)
- 解决 Bug 3861 : 开启upnp，对应不需要设备重启，却提示设备需要重启，并对应的界面退出到登陆界面。 (郑桂深)
- 修改 : 将jwplayer替换成bcFlashPlayer。 (郑桂深)

## Trunk Version 1.0.77, until 2016-05-28

- 修复 : 退出远程界面后未解绑注册的清除事件导致出错。 (曾鹏辉)

## Trunk Version 1.0.76, until 2016-05-28

- 修改 : PTZ预置点未设置时，修改名字的同时将自动设定位置。 (曾鹏辉)

## Trunk Version 1.0.75, until 2016-05-28

- 解决 Bug 3806 : 设置完预置点不可以更新预置点位置、名称 (曾鹏辉)
- 修复 : 回放界面码流无法切换错误。 (曾鹏辉)
- 修复 : 回放界面切换码流时无法在同一位置继续播放。 (曾鹏辉)

## Trunk Version 1.0.74, until 2016-05-28

- 修复 : 停止播放时断开码流。 (曾鹏辉)
- 修复 : 远程配置页面音频设置错误。 (曾鹏辉)
- 修复 : 回放界面点播放不会自动搜索并播放。 (曾鹏辉)

## Trunk Version 1.0.73, until 2016-05-28

- 改进 : 回放界面添加暂停按钮控制。 (曾鹏辉)

## Trunk Version 1.0.72, until 2016-05-27

- 解决 Bug 3809 : 巡航过程中，不可以修改巡航线 (曾鹏辉)

## Trunk Version 1.0.71, until 2016-05-27

- 解决 Bug 3811 : 巡航线中的drop初步分析为cancel的功能，命名为cancel即可，drop不是通用术语 (曾鹏辉)
- 解决 Bug 3810 : 巡航线clear即clear所有的item ，不支持清除一个item (曾鹏辉)
- 解决 Bug 3808 : PTZ的设置巡航线对应的停留时间和巡航速度默认值为0，其最小值均为1 (曾鹏辉)
- 解决 Bug 3805 : 进入巡航线编辑状态，编辑一个item后，焦点变到其他item，对应的之前编辑的清除了 (曾鹏辉)

## Trunk Version 1.0.70, until 2016-05-27

- 改进 : 回放界面点击播放菜单自动开始播放。 (曾鹏辉)
- 改进 : 切换回放界面自动刷新搜索文件。 (曾鹏辉)
- 改进 : 当预置点名称超长时会自动隐藏，鼠标移动上去浮动显示完整名称。 (曾鹏辉)
- 修复 : 当登录界面有浏览器保存账号时，登陆出错。(曾鹏辉)
- 解决 Bug 3803 : PTZ的预置点，输入过多中文，导致界面错乱 (曾鹏辉)
- 解决 Bug 3801 : 预置点在set 的状态下不可以修改名称 (曾鹏辉)
- 解决 Bug 3786 : 低概率出现从小码流切换到大码流，出现画面一直显示loading ，正在搜索的状态，等待2min左右均未停止该状态，点击回放界面，loading状态取消掉，再从大码流切换到小码流，仍然出该现象 (曾鹏辉)

## Trunk Version 1.0.69, until 2016-05-27

- 解决 Bug 3776 : 从预览切换到回放界面，将当前蓝色时间轴显示在有录像文件时间段处，再次从预览界面切换到回放界面，对应的当前显示的时间段非前一次显示的时间段，且蓝色指针也变化到了该段 (曾鹏辉)

## Trunk Version 1.0.68, until 2016-05-27

- 解决 Bug 3791 : 将DHCP切换到静态IP地址，修改静态IP地址后，1、对应的不提示用户采用新的IP地址登陆2、在当前页面切换到其他页面，一直处于loading中，30s后提示fail (曾鹏辉)
- 解决 Bug 3792 : 格式化SD卡设备端需要重启，对应的连接未断开，建议将连接断开 (曾鹏辉)

## Trunk Version 1.0.67, until 2016-05-27

- 解决 Bug 3799 : WIFI ssid的列表中选择一个 SSID 后，对应的ssid上处于蓝色标识选中状态，切换到其他ssid上，对应的蓝色标识未在对应的ssid上 (曾鹏辉)
- 解决 Bug 3798 : wifi 的ssid列表超过6个，对应的界面出现异常 (曾鹏辉)
- 解决 Bug 3794 : 远程配置的WIFI配置，切换ssid，对应的输入框的密码未清空；建议切换SSID对应的密码清空 (曾鹏辉)
- 解决 Bug 3797 : 进入wifi setting界面，不自动搜索当前环境中的wifi ssid，建议进入 wifi setting界面自动搜索当前环境的wifi ssid (曾鹏辉)
- 解决 Bug 3795 : 远程配置的WIFI配置，进行test，test成功提示：WIFI setting is ok；容易误解为设置成功；建议更新为 测试成功 (曾鹏辉)

## Trunk Version 1.0.66, until 2016-05-27

- 解决 Bug 3793 : 远程配置中的WIFI配置，不输入用户名，进行test，提示未知错误（-13）；建议提示测试失败即可 (曾鹏辉)

## Trunk Version 1.0.65, until 2016-05-27

- 解决 Bug 3790 : OSD的名称输入中文，预览上显示为乱码，建议中文限制输入 (曾鹏辉)

## Trunk Version 1.0.64, until 2016-05-26

- 修复 : 禁止 Guest 操作预览界面的 Encode 配置。 (曾鹏辉)
- 修复 : 禁止 Guest 查看、操作 PTZ。 (曾鹏辉)
- 解决 Bug 3779 : 概率出现通过web升级，提示升级fail，对应升级错误码为-31 (曾鹏辉)
- 解决 Bug 3765 : 修改endoce的帧率、码率等信息，提示设备需要重启，但设备未重启，但退出登录；修改帧率、码率等信息不需要设备重启，不需要退出登陆 (曾鹏辉)
- 解决 Bug 3622 : 画遮挡区域，花了区域A、B、C、D；A完全遮挡住B；预览界面实际只出现三块区域；再画一个区域无法画；建议一个区域完全遮挡住另一区域时，清除最小的区域 。(曾鹏辉)

## Trunk Version 1.0.63, until 2016-05-25

- 修复 Bug : 远程配置部分页面未完全做权限检测。(曾鹏辉)
- 修复 Bug : 远程配置 Wifi 设置未做权限检测。(曾鹏辉)
- 修复 Bug : 切换分辨率缩放后截图和缩放按钮消失。 (曾鹏辉)
- 修复 Bug : 火狐下退出登录跳到未知地址。 (曾鹏辉)
- 解决 Bug 3687 : 选中多个文件下载，只下载一个文件 (曾鹏辉)
- 修复 Bug : glDatePicker 的 z-index 太高导致提示框被遮蔽。 (曾鹏辉)
- 解决 Bug 3778 : 在预览界面的基本配置中将camera name或者Date/Time处于diasble状态，但远程配置界面对应设置位置未置灰 (曾鹏辉)
- 解决 Bug 3775 : 用户数量达到20个，对应用户管理列表的google服务器界面显示异常；IE显示正常 (曾鹏辉)
- 解决 Bug 3770 : 在google浏览器上，升级和导入文件的路径输入框不显示 (曾鹏辉)

## Trunk Version 1.0.62, until 2016-05-24

- 解决 Bug 3766 : 修改HTTP的端口后，可正常预览；但无法回放 (曾鹏辉)
- 解决 Bug 3763 : 修改时区后，从预览进入到回放界面，对应回放时间轴上呈现的仍是没修改时区的时间段标示为蓝色，但对应文件列表的信息更新为修改时区后的消息 (曾鹏辉)
- 解决 Bug 3762 : 未修改时区前，只有23号有录像文件，修改时区后，对应的只有24号有录像文件，从预览切换到回放，对应的23号仍然标示黄色，24号未标示； (曾鹏辉)
- 解决 Bug 3760 : 用户名密码可以输入中文，特殊字符等非数字、字母等类型；建议输入格式做限制 (曾鹏辉)
- 修改 PlayerPreview.js：当巡航运行中，点PTZ方向键等操作时，先停止循环。(曾鹏辉)
- 修改 nginx.conf: 新开 HTTP 端口 17823，供 RTMP 的 on_play, on_play_done 事件使用。(曾鹏辉)

## Trunk Version 1.0.61, until 2016-05-24

- 解决 Bug 3759 : RTSP端口修改成功后，设备需要重启，对应修改成功未给出提示：“设备重启的消息” (曾鹏辉)
- 解决 Bug 3756 : 修改HTTP和HTTPS端口号，提示对应设备重启，但对应设备未重启，且对应设备也不应该重启 (曾鹏辉)
- 解决 Bug 3741 : 将设备设为静态IP地址重新用新的IP登陆后，网络状态显示为静态，但是网络一般配置界面依然显示为DHCP (曾鹏辉)
- 解决 Bug 3740 : wifi密码没有明文显示选项，会导致输错密码不自知 (曾鹏辉)
- 解决 Bug 3739 : 设置日期时，选择月份时，日历消失，没办法选择到指定月份 (曾鹏辉)
- 解决 Bug 3736 : 邮件配置项时缺少只发图片选项 (曾鹏辉)
- 解决 Bug 3735 : 格式化SD卡时，不勾选SD卡，只勾选“确定格式化SD卡”，点format，提示成功，但并未进行格式化 (曾鹏辉)
- 解决 Bug 3734 : 格式化SD卡后，点退出按钮不能回到登陆页面 (曾鹏辉)
- 解决 Bug 3733 : 添加新用户或修改密码时只输入一次密码，不符合现在的使用习惯 (曾鹏辉)
- 解决 Bug 3732 : 修改通道名称和时间在同一个位置时，提示修改成功，预览只显示时间不显示通道名称 (曾鹏辉)
- 解决 Bug 3731 : 在修改用户密码处，设置修改密码小于6位，UI界面提示修改失败的弹窗，弹窗消息后可以看到对应会有正在保存配置请等待的消息；已经失败，就不应该又正在保存配置之说。界面一直卡在正在保存配置请等待界面，无法进行其他操作；只能关闭浏览器再打开 (曾鹏辉)
- 解决 Bug 3729 : WEB端将音量调节到最小或者静音对应的预览仍然可以听到音频声音 (曾鹏辉)

## Version: 1.0.60, published at 2016-05-19 by 曾鹏辉

- 修改 PlayerPreview.js：去除 Image 设置成功时的提示。 (曾鹏辉)
- 新增: 在进行WIFI、E-Mail、FTP等设置时，可以查看明文密码。 (曾鹏辉)
- 解决 Bug 3689 : 当天有文件，时间轴及文件列表均有显示，但日期搜索部分没有黄色标示 (曾鹏辉)
- 解决 Bug 3687 : 选中多个文件下载，只下载一个文件 (曾鹏辉)
- 解决 Bug 3686 : 下载选中后，到弹出浏览器链接耗时15s。耗时时间太长 (曾鹏辉)
- 解决 Bug 3671 : 远程配置-advanced-advanced页面修改端口后点击OK后，提示成功后，对应的OK还是处于置灰状态，未恢复 (曾鹏辉)
- 解决 Bug 3670 : 刚进入回放界面，提示flash崩溃，刷新页面，可正常播放； (曾鹏辉)
- 解决 Bug 3669 : 在回放界面出现回放画面停止，但时间轴仍在走的情况 (曾鹏辉)
- 解决 Bug 3668 : 用户被删除还能继续预览，点击其他界面后才会被强制登出（应马上弹出提醒已被强制登出，随即回到登陆界面） (曾鹏辉)
- 解决 Bug 3667 : 移动侦测对应无移动侦测图标 (曾鹏辉)
- 解决 Bug 3665 : 在从未改变预览界面基本配置OSD选项的情况下，远程配置OSD名称，提示配置成功，但配置OSD名称后在预览画面没有生效 (曾鹏辉)
- 解决 Bug 3664 : 360浏览器motion，录像设置的键位错位 (曾鹏辉)
- 解决 Bug 3663 : 配置mirror和rotate，恢复默认值不会恢复mirror和rotate； (曾鹏辉)
- 解决 Bug 3659 : FTP录像配置界面出现错乱 (曾鹏辉)
- 解决 Bug 3658 : 修改HTTP端口后，RTMP播放地址错误 (曾鹏辉)
- 解决 Bug 3656 : 进入移动侦测告警设置页面，移动侦测disable后，会对应的将对应的关联动作的选项变成未勾选状态； (曾鹏辉)
- 解决 Bug 3655 : 图像高级配置中调节多个参数后进行default，未点击OK,对应界面上参数恢复默认值，但是对应的图像效果未恢复默认状态 (曾鹏辉)
- 解决 Bug 3654 : 远程配置中使OSD name处于disable状态，对应页面置灰，在预览界面基本配置中OSD name处于disable状态，页面未处于置灰，仍然可编辑；对应的在预览界面使-OSD name处于disable状态，远程配置中对应配置输入框同样未置灰 (曾鹏辉)
- 解决 Bug 3653 : 高级配置—image基本参数配置需要耗时6s才能即时响应；耗时时间太长 (曾鹏辉)
- 解决 Bug 3650 : 预览的码流与回放码流不一致，从预览接入回放界面，仍然可以听见预览的音频声音，预览码流未关闭 (曾鹏辉)
- 解决 Bug 3647 : 预览随着时间的递增，对应的预览时延增大且会出现卡顿 (曾鹏辉)
- 解决 Bug 3640 : 远程配置-OSD名称可以输入超过32个字符，超过32个字符配置不成功，但web端仍然可以输入，建议WEB端对可输入最大字符数进行限制 (曾鹏辉)
- 解决 Bug 3639 : 用户名的密码可输入小于6位字符。建议对密码的格式进行限制 (曾鹏辉)
- 解决 Bug 3638 : 用户名可输入中文，空格，任意标点符号；建议对输入字符的类型做限制，不支持输入中文； (曾鹏辉)
- 解决 Bug 3637 : 升级时无对应进度条提示，用户无法得知进度 (曾鹏辉)
- 解决 Bug 3635 : 时区除了写地名未对应标示为时区，建议注明哪个时区 (曾鹏辉)
- 解决 Bug 3634 : email设置对应的用户名的密码为明文，再次进入可查询到密码。不安全 (曾鹏辉)
- 解决 Bug 3631 : 在预览界面基本配置切换分辨率，切换成功后，需要等待10s左右设备才重启;且预览上的OSD的名称和时间位置发生变化 (曾鹏辉)
- 解决 Bug 3629 : SEEK时，每次seek均是先seek到该时刻所在文件的起始时间的当前画面，再跳转到seek时刻的画面 (曾鹏辉)
- 解决 Bug 3628 : 回放小码流需要先将回放码流切换为小码流，再次进行当天文件搜索，此时才可以进行小码流回放；操作繁琐，请参考PC客户端大小码流切换设计 (曾鹏辉)
- 解决 Bug 3626 : 在同一个月，有录像的日期间切换不同日期，搜索的当前日期的文件列表，切换到其他日期，文件列表仍然显示的是搜索的文件列表 (曾鹏辉)
- 解决 Bug 3624 : 在回放界面，从当前日期切换到与该日期较远的日期，提示正在搜索，搜索失败，等待半个小时再搜索，仍然显示的是正在搜索，搜索失败 (曾鹏辉)
- 解决 Bug 3622 : 画遮挡区域，花了区域A、B、C、D；A完全遮挡住B；预览界面实际只出现三块区域；再画一个区域无法画；建议一个区域完全遮挡住另一区域时，清除最小的区域 (曾鹏辉)
- 解决 Bug 3621 : 曝光模式的手动设置里的范围没有给出，建议在旁边标明数值 (曾鹏辉)
- 解决 Bug 3620 : 远程配置修改了帧率在预览界面的基本配置不会对应更新 (曾鹏辉)
- 解决 Bug 3619 : 修改分辨率时无提醒将要重启，建议重启前弹出提醒 (曾鹏辉)
- 解决 Bug 3618 : 基本配置与远程配置名称输入框，限制输入最大字符数不一致；且远程配置OSD名称改变，基本配置不会对应刷新 (曾鹏辉)
- 解决 Bug 3617 : 预览界面的-基本设置OSD设备名称和时间默认为未勾选状态，实际预览中OSD显示设备名称和时间 (曾鹏辉)
- 解决 Bug 3615 : SD卡中无当天录像文件，选择当天的日期进入下载文件列表，文件列表中呈现为最后一次进入文件列表的信息，对应的缓存未清除 (曾鹏辉)
- 解决 Bug 3614 : 从预览有音频，从预览界面进入到远程配置界面，仍然有音频。 (曾鹏辉)
- 解决 Bug 3613 : 从远程配置中修改时间，提示修改成功，返回到预览界面，无法预览，点击logout，提示timeout；再次登陆可正常预览； (曾鹏辉)
- 解决 Bug 3612 : 预览音视频不同步；音频比视频慢5s，预览时延为2s (曾鹏辉)
- 解决 Bug 3611 : 回放过程中进入/退出全屏有花屏现象 (曾鹏辉)
- 解决 Bug 3610 : 预览停止后仍能进行抓拍，且抓拍为当前实际环境画面，建议预览停止后，抓拍控件无法操作 (曾鹏辉)
- 解决 Bug 3608 : 火狐；登陆输入错误的用户名或密码，提示显示一堆数字而非正确提示 (曾鹏辉)
- 解决 Bug 3604 : IE浏览器上连接了2个设备，一个预览正常，一个登陆后进入预览显示黑屏，提示没有播放器 (曾鹏辉)
- 解决 Bug 3601 : 在预览和回放的音频的控件，调节音频时，音频控件上出现边框 (曾鹏辉)
- 解决 Bug 3600 : 预览界面仍然会显示上一屏和下一屏的控件，对于IPC未有上下一屏之说 (曾鹏辉)
- 解决 Bug 3599 : 远程配置中的音频在设备端音频是关闭的状态，仍然显示为开启状态；而预览界面的encode的音频显示为关闭状态 (曾鹏辉)
- 解决 Bug 3597 : 在浏览器为IE11的版本上点击下载控件进入下载文件列表，首列的标题出现错乱 (曾鹏辉)
- 解决 Bug 3595 : 点击鼠标左键，预览画面变成黑屏，再次点击无法打开预览，切换其他码流也无法打开预览；再次登录进行预览，预览正常，PC端可正常预览 (曾鹏辉)
- 解决 Bug 3591 : 远程配置中小码流无音频开启选项，对应的预览界面的编码配置中小码流对应的音频仍然有音频开启选项，建议取消 (曾鹏辉)
- 解决 Bug 3590 : 初次进入文件列表界面，当月当天录像文件不会进行自动搜索 (曾鹏辉)
- 解决 Bug 3587 : 远程配置中的录像中预录选项应隐藏 (曾鹏辉)
- 解决 Bug 3585 : 预览界面和回放界面对应的码流选择列表呈现后，未进行任何操作，不会等待几s无响应，自动隐藏 (曾鹏辉)
- 解决 Bug 3584 : 登陆默认码流为小码流，应该为clear (曾鹏辉)
